{"name": "test_login[text@qq.com-abc123-True]", "status": "failed", "statusDetails": {"message": "AssertionError: assert 'login' not in 'http://loca...ct=login_act'\n  \n  'login' is contained here:\n    http://localhost:808/tinyshop/index.php?con=simple&act=login_act\n  ?                                                        +++++", "trace": "driver = <selenium.webdriver.chrome.webdriver.WebDriver (session=\"96c1ecfdb68a85424b99a1a46f62d22b\")>\naccount = 'text@qq.com', password = 'abc123', should_pass = True\n\n    @pytest.mark.parametrize(\"account,password,should_pass\", valid_cases)\n    def test_login(driver, account, password, should_pass):\n        \"\"\"\n        登录功能自动化测试\n        :param driver: 浏览器驱动\n        :param account: 测试账号\n        :param password: 测试密码\n        :param should_pass: 是否应登录成功\n        \"\"\"\n        login = LoginPage(driver)\n        login.open(LOGIN_URL)\n        login.input_account(account)\n        login.input_password(password)\n        login.click_login()\n        if should_pass:\n            # 登录成功：断言页面已跳转到非登录页（如URL不再包含login）\n>           assert \"login\" not in driver.current_url.lower()\nE           AssertionError: assert 'login' not in 'http://loca...ct=login_act'\nE             \nE             'login' is contained here:\nE               http://localhost:808/tinyshop/index.php?con=simple&act=login_act\nE             ?                                                        +++++\n\ntestcases\\test_login.py:39: AssertionError"}, "description": "\n    登录功能自动化测试\n    :param driver: 浏览器驱动\n    :param account: 测试账号\n    :param password: 测试密码\n    :param should_pass: 是否应登录成功\n    ", "parameters": [{"name": "account", "value": "'text@qq.com'"}, {"name": "password", "value": "'abc123'"}, {"name": "should_pass", "value": "True"}], "start": 1751463386720, "stop": 1751463387041, "uuid": "d37eef14-ad69-4193-b59b-7701e28d1ab1", "historyId": "716efcac09ad8ee0fc1941f9a1036c55", "testCaseId": "69c09a16f23890ca557733ad87499d37", "fullName": "testcases.test_login#test_login", "labels": [{"name": "parentSuite", "value": "testcases"}, {"name": "suite", "value": "test_login"}, {"name": "host", "value": "DESKTOP-CGD749C"}, {"name": "thread", "value": "25360-MainThread"}, {"name": "framework", "value": "pytest"}, {"name": "language", "value": "cpython3"}, {"name": "package", "value": "testcases.test_login"}]}