{"name": "test_login[1956053672@qq.com-123123-True]", "status": "failed", "statusDetails": {"message": "AssertionError: assert 'login' not in 'http://loca...le&act=login'\n  \n  'login' is contained here:\n    http://localhost:808/tinyshop/index.php?con=simple&act=login\n  ?                                                        +++++", "trace": "driver = <selenium.webdriver.chrome.webdriver.WebDriver (session=\"1b7fdb6b6910433e2d7d024f65602323\")>\naccount = '1956053672@qq.com', password = '123123', should_pass = True\n\n    @pytest.mark.parametrize(\"account,password,should_pass\", valid_cases)\n    def test_login(driver, account, password, should_pass):\n        \"\"\"\n        登录功能自动化测试\n        :param driver: 浏览器驱动\n        :param account: 测试账号\n        :param password: 测试密码\n        :param should_pass: 是否应登录成功\n        \"\"\"\n        login = LoginPage(driver)\n        login.open(LOGIN_URL)\n        login.input_account(account)\n        login.input_password(password)\n        login.click_login()\n        if should_pass:\n            # 登录成功：断言页面已跳转到非登录页（如URL不再包含login）\n>           assert \"login\" not in driver.current_url.lower()\nE           AssertionError: assert 'login' not in 'http://loca...le&act=login'\nE             \nE             'login' is contained here:\nE               http://localhost:808/tinyshop/index.php?con=simple&act=login\nE             ?                                                        +++++\n\ntestcases\\test_login.py:33: AssertionError"}, "description": "\n    登录功能自动化测试\n    :param driver: 浏览器驱动\n    :param account: 测试账号\n    :param password: 测试密码\n    :param should_pass: 是否应登录成功\n    ", "parameters": [{"name": "account", "value": "'1956053672@qq.com'"}, {"name": "password", "value": "'123123'"}, {"name": "should_pass", "value": "True"}], "start": 1751459518305, "stop": 1751459518563, "uuid": "dba40969-6292-4a7f-a04c-df7ff374cbca", "historyId": "3cf058100e384149ac7128eab91b56bb", "testCaseId": "69c09a16f23890ca557733ad87499d37", "fullName": "testcases.test_login#test_login", "labels": [{"name": "parentSuite", "value": "testcases"}, {"name": "suite", "value": "test_login"}, {"name": "host", "value": "DESKTOP-CGD749C"}, {"name": "thread", "value": "35072-MainThread"}, {"name": "framework", "value": "pytest"}, {"name": "language", "value": "cpython3"}, {"name": "package", "value": "testcases.test_login"}]}