{"name": "test_login[1956053672@qq.com-123123-True]", "status": "broken", "statusDetails": {"message": "selenium.common.exceptions.NoSuchElementException: Message: no such element: Unable to locate element: {\"method\":\"css selector\",\"selector\":\"[id=\"account\"]\"}\n  (Session info: chrome=137.0.7151.122); For documentation on this error, please visit: https://www.selenium.dev/documentation/webdriver/troubleshooting/errors#no-such-element-exception\nStacktrace:\n\tGetHandleVerifier [0x0x7ff79e13cda5+78885]\n\tGetHandleVerifier [0x0x7ff79e13ce00+78976]\n\t(No symbol) [0x0x7ff79def9bca]\n\t(No symbol) [0x0x7ff79df50766]\n\t(No symbol) [0x0x7ff79df50a1c]\n\t(No symbol) [0x0x7ff79dfa4467]\n\t(No symbol) [0x0x7ff79df78bcf]\n\t(No symbol) [0x0x7ff79dfa122f]\n\t(No symbol) [0x0x7ff79df78963]\n\t(No symbol) [0x0x7ff79df416b1]\n\t(No symbol) [0x0x7ff79df42443]\n\tGetHandleVerifier [0x0x7ff79e414eed+3061101]\n\tGetHandleVerifier [0x0x7ff79e40f33d+3037629]\n\tGetHandleVerifier [0x0x7ff79e42e592+3165202]\n\tGetHandleVerifier [0x0x7ff79e15730e+186766]\n\tGetHandleVerifier [0x0x7ff79e15eb3f+217535]\n\tGetHandleVerifier [0x0x7ff79e1459b4+114740]\n\tGetHandleVerifier [0x0x7ff79e145b69+115177]\n\tGetHandleVerifier [0x0x7ff79e12c368+10728]\n\tBaseThreadInitThunk [0x0x7ffe7a7553e0+16]\n\tRtlUserThreadStart [0x0x7ffe7b70485b+43]", "trace": "driver = <selenium.webdriver.chrome.webdriver.WebDriver (session=\"74274dc03b741245b6f6c5d4659e288d\")>\naccount = '1956053672@qq.com', password = '123123', should_pass = True\n\n    @pytest.mark.parametrize(\"account,password,should_pass\", valid_cases)\n    def test_login(driver, account, password, should_pass):\n        \"\"\"\n        登录功能自动化测试\n        :param driver: 浏览器驱动\n        :param account: 测试账号\n        :param password: 测试密码\n        :param should_pass: 是否应登录成功\n        \"\"\"\n        login = LoginPage(driver)\n        login.open(LOGIN_URL)\n        login.input_account(account)\n        login.input_password(password)\n        login.click_login()\n        if should_pass:\n>           assert \"login\" in driver.current_url or driver.find_element(By.ID, \"account\").is_displayed()\n\ntestcases\\test_login.py:31: \n_ _ _ _ _ _ _ _ _ _ _ _ _ _ _ _ _ _ _ _ _ _ _ _ _ _ _ _ _ _ _ _ _ _ _ _ _ _ _ _\nD:\\python\\lib\\site-packages\\selenium\\webdriver\\remote\\webdriver.py:914: in find_element\n    return self.execute(Command.FIND_ELEMENT, {\"using\": by, \"value\": value})[\"value\"]\nD:\\python\\lib\\site-packages\\selenium\\webdriver\\remote\\webdriver.py:447: in execute\n    self.error_handler.check_response(response)\n_ _ _ _ _ _ _ _ _ _ _ _ _ _ _ _ _ _ _ _ _ _ _ _ _ _ _ _ _ _ _ _ _ _ _ _ _ _ _ _\n\nself = <selenium.webdriver.remote.errorhandler.ErrorHandler object at 0x0000027D926D1160>\nresponse = {'status': 404, 'value': '{\"value\":{\"error\":\"no such element\",\"message\":\"no such element: Unable to locate element: {\\...ff79e12c368+10728]\\\\n\\\\tBaseThreadInitThunk [0x0x7ffe7a7553e0+16]\\\\n\\\\tRtlUserThreadStart [0x0x7ffe7b70485b+43]\\\\n\"}}'}\n\n    def check_response(self, response: Dict[str, Any]) -> None:\n        \"\"\"Checks that a JSON response from the WebDriver does not have an\n        error.\n    \n        :Args:\n         - response - The JSON response from the WebDriver server as a dictionary\n           object.\n    \n        :Raises: If the response contains an error message.\n        \"\"\"\n        status = response.get(\"status\", None)\n        if not status or status == ErrorCode.SUCCESS:\n            return\n        value = None\n        message = response.get(\"message\", \"\")\n        screen: str = response.get(\"screen\", \"\")\n        stacktrace = None\n        if isinstance(status, int):\n            value_json = response.get(\"value\", None)\n            if value_json and isinstance(value_json, str):\n                import json\n    \n                try:\n                    value = json.loads(value_json)\n                    if len(value) == 1:\n                        value = value[\"value\"]\n                    status = value.get(\"error\", None)\n                    if not status:\n                        status = value.get(\"status\", ErrorCode.UNKNOWN_ERROR)\n                        message = value.get(\"value\") or value.get(\"message\")\n                        if not isinstance(message, str):\n                            value = message\n                            message = message.get(\"message\")\n                    else:\n                        message = value.get(\"message\", None)\n                except ValueError:\n                    pass\n    \n        exception_class: Type[WebDriverException]\n        e = ErrorCode()\n        error_codes = [item for item in dir(e) if not item.startswith(\"__\")]\n        for error_code in error_codes:\n            error_info = getattr(ErrorCode, error_code)\n            if isinstance(error_info, list) and status in error_info:\n                exception_class = getattr(ExceptionMapping, error_code, WebDriverException)\n                break\n        else:\n            exception_class = WebDriverException\n    \n        if not value:\n            value = response[\"value\"]\n        if isinstance(value, str):\n            raise exception_class(value)\n        if message == \"\" and \"message\" in value:\n            message = value[\"message\"]\n    \n        screen = None  # type: ignore[assignment]\n        if \"screen\" in value:\n            screen = value[\"screen\"]\n    \n        stacktrace = None\n        st_value = value.get(\"stackTrace\") or value.get(\"stacktrace\")\n        if st_value:\n            if isinstance(st_value, str):\n                stacktrace = st_value.split(\"\\n\")\n            else:\n                stacktrace = []\n                try:\n                    for frame in st_value:\n                        line = frame.get(\"lineNumber\", \"\")\n                        file = frame.get(\"fileName\", \"<anonymous>\")\n                        if line:\n                            file = f\"{file}:{line}\"\n                        meth = frame.get(\"methodName\", \"<anonymous>\")\n                        if \"className\" in frame:\n                            meth = f\"{frame['className']}.{meth}\"\n                        msg = \"    at %s (%s)\"\n                        msg = msg % (meth, file)\n                        stacktrace.append(msg)\n                except TypeError:\n                    pass\n        if exception_class == UnexpectedAlertPresentException:\n            alert_text = None\n            if \"data\" in value:\n                alert_text = value[\"data\"].get(\"text\")\n            elif \"alert\" in value:\n                alert_text = value[\"alert\"].get(\"text\")\n            raise exception_class(message, screen, stacktrace, alert_text)  # type: ignore[call-arg]  # mypy is not smart enough here\n>       raise exception_class(message, screen, stacktrace)\nE       selenium.common.exceptions.NoSuchElementException: Message: no such element: Unable to locate element: {\"method\":\"css selector\",\"selector\":\"[id=\"account\"]\"}\nE         (Session info: chrome=137.0.7151.122); For documentation on this error, please visit: https://www.selenium.dev/documentation/webdriver/troubleshooting/errors#no-such-element-exception\nE       Stacktrace:\nE       \tGetHandleVerifier [0x0x7ff79e13cda5+78885]\nE       \tGetHandleVerifier [0x0x7ff79e13ce00+78976]\nE       \t(No symbol) [0x0x7ff79def9bca]\nE       \t(No symbol) [0x0x7ff79df50766]\nE       \t(No symbol) [0x0x7ff79df50a1c]\nE       \t(No symbol) [0x0x7ff79dfa4467]\nE       \t(No symbol) [0x0x7ff79df78bcf]\nE       \t(No symbol) [0x0x7ff79dfa122f]\nE       \t(No symbol) [0x0x7ff79df78963]\nE       \t(No symbol) [0x0x7ff79df416b1]\nE       \t(No symbol) [0x0x7ff79df42443]\nE       \tGetHandleVerifier [0x0x7ff79e414eed+3061101]\nE       \tGetHandleVerifier [0x0x7ff79e40f33d+3037629]\nE       \tGetHandleVerifier [0x0x7ff79e42e592+3165202]\nE       \tGetHandleVerifier [0x0x7ff79e15730e+186766]\nE       \tGetHandleVerifier [0x0x7ff79e15eb3f+217535]\nE       \tGetHandleVerifier [0x0x7ff79e1459b4+114740]\nE       \tGetHandleVerifier [0x0x7ff79e145b69+115177]\nE       \tGetHandleVerifier [0x0x7ff79e12c368+10728]\nE       \tBaseThreadInitThunk [0x0x7ffe7a7553e0+16]\nE       \tRtlUserThreadStart [0x0x7ffe7b70485b+43]\n\nD:\\python\\lib\\site-packages\\selenium\\webdriver\\remote\\errorhandler.py:232: NoSuchElementException"}, "description": "\n    登录功能自动化测试\n    :param driver: 浏览器驱动\n    :param account: 测试账号\n    :param password: 测试密码\n    :param should_pass: 是否应登录成功\n    ", "parameters": [{"name": "account", "value": "'1956053672@qq.com'"}, {"name": "password", "value": "'123123'"}, {"name": "should_pass", "value": "True"}], "start": 1751459288345, "stop": 1751459293734, "uuid": "e8c799c4-f769-4b00-a4f0-7d00acb28275", "historyId": "3cf058100e384149ac7128eab91b56bb", "testCaseId": "69c09a16f23890ca557733ad87499d37", "fullName": "testcases.test_login#test_login", "labels": [{"name": "parentSuite", "value": "testcases"}, {"name": "suite", "value": "test_login"}, {"name": "host", "value": "DESKTOP-CGD749C"}, {"name": "thread", "value": "17700-MainThread"}, {"name": "framework", "value": "pytest"}, {"name": "language", "value": "cpython3"}, {"name": "package", "value": "testcases.test_login"}]}