{"name": "test_login[   text@qq.com-abc123-True]", "status": "failed", "statusDetails": {"message": "AssertionError: assert 'login' not in 'http://loca...le&act=login'\n  \n  'login' is contained here:\n    http://localhost:808/tinyshop/index.php?con=simple&act=login\n  ?                                                        +++++", "trace": "driver = <selenium.webdriver.chrome.webdriver.WebDriver (session=\"15b184acbbb011b6671dcbc6673c24ea\")>\naccount = '   text@qq.com', password = 'abc123', should_pass = True\n\n    @pytest.mark.parametrize(\"account,password,should_pass\", valid_cases)\n    def test_login(driver, account, password, should_pass):\n        \"\"\"\n        登录功能自动化测试\n        :param driver: 浏览器驱动\n        :param account: 测试账号\n        :param password: 测试密码\n        :param should_pass: 是否应登录成功\n        \"\"\"\n        login = LoginPage(driver)\n        login.open(LOGIN_URL)\n        login.input_account(account)\n        login.input_password(password)\n        login.click_login()\n        if should_pass:\n            # 登录成功：断言页面已跳转到非登录页（如URL不再包含login）\n>           assert \"login\" not in driver.current_url.lower()\nE           AssertionError: assert 'login' not in 'http://loca...le&act=login'\nE             \nE             'login' is contained here:\nE               http://localhost:808/tinyshop/index.php?con=simple&act=login\nE             ?                                                        +++++\n\ntestcases\\test_login.py:39: AssertionError"}, "description": "\n    登录功能自动化测试\n    :param driver: 浏览器驱动\n    :param account: 测试账号\n    :param password: 测试密码\n    :param should_pass: 是否应登录成功\n    ", "parameters": [{"name": "account", "value": "'   text@qq.com'"}, {"name": "password", "value": "'abc123'"}, {"name": "should_pass", "value": "True"}], "start": 1751460547648, "stop": 1751460547889, "uuid": "ce5d011d-f8a7-4c6d-a494-af3bd3fb5281", "historyId": "108961fa4a7157fe5ff9d72a03f82ff7", "testCaseId": "69c09a16f23890ca557733ad87499d37", "fullName": "testcases.test_login#test_login", "labels": [{"name": "parentSuite", "value": "testcases"}, {"name": "suite", "value": "test_login"}, {"name": "host", "value": "DESKTOP-CGD749C"}, {"name": "thread", "value": "40464-MainThread"}, {"name": "framework", "value": "pytest"}, {"name": "language", "value": "cpython3"}, {"name": "package", "value": "testcases.test_login"}]}